<?xml version="1.0" encoding="UTF-8"?>
<!-- Generated by org.testng.reporters.JUnitXMLReporter -->
<testsuite ignored="3" hostname="BBLPT1102" failures="0" tests="1" name="Default test" time="0.126" errors="0" timestamp="2025-12-19T17:21:26 IST">
  <testcase classname="Predicates.filterPredicates" name="notinOperator" time="0.056"/>
  <testcase classname="Predicates.filterPredicates" name="notFilter" time="0.0">
    <ignored/>
  </testcase> <!-- notFilter -->
  <testcase classname="Predicates.filterPredicates" name="inOperator" time="0.0">
    <ignored/>
  </testcase> <!-- inOperator -->
  <testcase classname="Predicates.filterPredicates" name="andFilter" time="0.0">
    <ignored/>
  </testcase> <!-- andFilter -->
</testsuite> <!-- Default test -->
