<?xml version="1.0" encoding="UTF-8"?>
<testng-results ignored="0" total="1" passed="1" failed="0" skipped="0">
  <reporter-output>
  </reporter-output>
  <suite started-at="2025-12-19T17:21:26 IST" name="Default suite" finished-at="2025-12-19T17:21:26 IST" duration-ms="126">
    <groups>
    </groups>
    <test started-at="2025-12-19T17:21:26 IST" name="Default test" finished-at="2025-12-19T17:21:26 IST" duration-ms="126">
      <class name="Predicates.filterPredicates">
        <test-method signature="notinOperator()[pri:0, instance:Predicates.filterPredicates@f6efaab]" started-at="2025-12-19T17:21:26 IST" name="notinOperator" finished-at="2025-12-19T17:21:26 IST" duration-ms="56" status="PASS">
          <reporter-output>
          </reporter-output>
        </test-method> <!-- notinOperator -->
      </class> <!-- Predicates.filterPredicates -->
    </test> <!-- Default test -->
  </suite> <!-- Default suite -->
</testng-results>
