<?xml version="1.0" encoding="UTF-8"?>
<!-- Generated by org.testng.reporters.JUnitReportReporter -->
<testsuite hostname="BBLPT1102" failures="0" tests="5" name="BDDStyleRequests.UserRequestsBDD" time="2.039" errors="0" timestamp="2025-12-12T23:20:33 IST" skipped="4">
  <testcase classname="BDDStyleRequests.UserRequestsBDD" name="GetAnEmployeeBDD" time="2.039"/>
  <testcase classname="BDDStyleRequests.UserRequestsBDD" name="UpdateEmployee">
    <skipped/>
  </testcase> <!-- UpdateEmployee -->
  <testcase classname="BDDStyleRequests.UserRequestsBDD" name="CreateEmployeeBDD">
    <skipped/>
  </testcase> <!-- CreateEmployeeBDD -->
  <testcase classname="BDDStyleRequests.UserRequestsBDD" name="DeleteEmployee">
    <skipped/>
  </testcase> <!-- DeleteEmployee -->
  <testcase classname="BDDStyleRequests.UserRequestsBDD" name="GetAllEmployeesBDD">
    <skipped/>
  </testcase> <!-- GetAllEmployeesBDD -->
</testsuite> <!-- BDDStyleRequests.UserRequestsBDD -->
