<?xml version="1.0" encoding="UTF-8"?>
<!-- Generated by org.testng.reporters.JUnitReportReporter -->
<testsuite hostname="BBLPT1102" failures="0" tests="4" name="Predicates.filterPredicates" time="0.056" errors="0" timestamp="2025-12-19T17:21:26 IST" skipped="3">
  <testcase classname="Predicates.filterPredicates" name="notinOperator" time="0.056"/>
  <testcase classname="Predicates.filterPredicates" name="notFilter">
    <skipped/>
  </testcase> <!-- notFilter -->
  <testcase classname="Predicates.filterPredicates" name="inOperator">
    <skipped/>
  </testcase> <!-- inOperator -->
  <testcase classname="Predicates.filterPredicates" name="andFilter">
    <skipped/>
  </testcase> <!-- andFilter -->
</testsuite> <!-- Predicates.filterPredicates -->
