<?xml version="1.0" encoding="UTF-8"?>
<!-- Generated by org.testng.reporters.JUnitReportReporter -->
<testsuite hostname="BBLPT1102" failures="0" tests="2" name="Predicates.customFilters" time="0.048" errors="1" timestamp="2025-12-03T22:03:40 IST" skipped="1">
  <testcase classname="Predicates.customFilters" name="lamdafilter" time="0.048">
    <error message="Expected to find an object with property [&#039;items&#039;] in path $[&#039;orders&#039;] but found &#039;net.minidev.json.JSONArray&#039;. This is not a json object according to the JsonProvider: &#039;com.jayway.jsonpath.spi.json.JsonSmartJsonProvider&#039;." type="com.jayway.jsonpath.PathNotFoundException">
      <![CDATA[com.jayway.jsonpath.PathNotFoundException: Expected to find an object with property ['items'] in path $['orders'] but found 'net.minidev.json.JSONArray'. This is not a json object according to the JsonProvider: 'com.jayway.jsonpath.spi.json.JsonSmartJsonProvider'.
]]>
    </error>
  </testcase> <!-- lamdafilter -->
  <testcase classname="Predicates.customFilters" name="customfilter">
    <skipped/>
  </testcase> <!-- customfilter -->
</testsuite> <!-- Predicates.customFilters -->
