<?xml version="1.0" encoding="UTF-8"?>
<!-- Generated by org.testng.reporters.JUnitReportReporter -->
<testsuite hostname="BBLPT1102" failures="1" tests="1" name="JsonSchemaValidation.HamcrestJsonValidator" time="0.471" errors="0" timestamp="2025-11-22T16:14:23 IST" skipped="0">
  <testcase classname="JsonSchemaValidation.HamcrestJsonValidator" name="HamcrestJsonValidation" time="0.471">
    <failure message="
Expected: The content to match the given JSON schema.
error: object has missing required properties ([&quot;DeliveredTime&quot;])
    level: &quot;error&quot;
    schema: {&quot;loadingURI&quot;:&quot;#&quot;,&quot;pointer&quot;:&quot;&quot;}
    instance: {&quot;pointer&quot;:&quot;&quot;}
    domain: &quot;validation&quot;
    keyword: &quot;required&quot;
    required: [&quot;BranchId&quot;,&quot;DeliveredTime&quot;,&quot;FoodOrder&quot;,&quot;OrderTime&quot;,&quot;RestaurantName&quot;]
    missing: [&quot;DeliveredTime&quot;]

     but: was &quot;{\n  \&quot;RestaurantName\&quot;: \&quot;SS Hyderbad Biriyani\&quot;,\n  \&quot;BranchId\&quot;: 123,\n  \&quot;FoodOrder\&quot;: [\n    \&quot;2 Chicken Biriyani\&quot;,\n    \&quot;1 Chicken Grill\&quot;,\n    \&quot;2 Fish Fry\&quot;\n  ],\n  \&quot;OrderTime\&quot;: \&quot;12:45 pm\&quot;\n  \n}&quot;" type="java.lang.AssertionError">
      <![CDATA[java.lang.AssertionError: 
Expected: The content to match the given JSON schema.
error: object has missing required properties (["DeliveredTime"])
    level: "error"
    schema: {"loadingURI":"#","pointer":""}
    instance: {"pointer":""}
    domain: "validation"
    keyword: "required"
    required: ["BranchId","DeliveredTime","FoodOrder","OrderTime","RestaurantName"]
    missing: ["DeliveredTime"]

     but: was "{\n  \"RestaurantName\": \"SS Hyderbad Biriyani\",\n  \"BranchId\": 123,\n  \"FoodOrder\": [\n    \"2 Chicken Biriyani\",\n    \"1 Chicken Grill\",\n    \"2 Fish Fry\"\n  ],\n  \"OrderTime\": \"12:45 pm\"\n  \n}"
at org.hamcrest.MatcherAssert.assertThat(MatcherAssert.java:20)
at org.hamcrest.MatcherAssert.assertThat(MatcherAssert.java:6)
at JsonSchemaValidation.HamcrestJsonValidator.HamcrestJsonValidation(HamcrestJsonValidator.java:27)
at java.base/jdk.internal.reflect.NativeMethodAccessorImpl.invoke0(Native Method)
at java.base/jdk.internal.reflect.NativeMethodAccessorImpl.invoke(NativeMethodAccessorImpl.java:62)
at java.base/jdk.internal.reflect.DelegatingMethodAccessorImpl.invoke(DelegatingMethodAccessorImpl.java:43)
at java.base/java.lang.reflect.Method.invoke(Method.java:566)
at org.testng.internal.invokers.MethodInvocationHelper.invokeMethod(MethodInvocationHelper.java:141)
at org.testng.internal.invokers.TestInvoker.invokeMethod(TestInvoker.java:686)
at org.testng.internal.invokers.TestInvoker.invokeTestMethod(TestInvoker.java:230)
at org.testng.internal.invokers.MethodRunner.runInSequence(MethodRunner.java:63)
at org.testng.internal.invokers.TestInvoker$MethodInvocationAgent.invoke(TestInvoker.java:992)
at org.testng.internal.invokers.TestInvoker.invokeTestMethods(TestInvoker.java:203)
at org.testng.internal.invokers.TestMethodWorker.invokeTestMethods(TestMethodWorker.java:154)
at org.testng.internal.invokers.TestMethodWorker.run(TestMethodWorker.java:134)
at java.base/java.util.ArrayList.forEach(ArrayList.java:1541)
at org.testng.TestRunner.privateRun(TestRunner.java:739)
at org.testng.TestRunner.run(TestRunner.java:614)
at org.testng.SuiteRunner.runTest(SuiteRunner.java:421)
at org.testng.SuiteRunner.runSequentially(SuiteRunner.java:413)
at org.testng.SuiteRunner.privateRun(SuiteRunner.java:373)
at org.testng.SuiteRunner.run(SuiteRunner.java:312)
at org.testng.SuiteRunnerWorker.runSuite(SuiteRunnerWorker.java:52)
at org.testng.SuiteRunnerWorker.run(SuiteRunnerWorker.java:95)
at org.testng.TestNG.runSuitesSequentially(TestNG.java:1274)
at org.testng.TestNG.runSuitesLocally(TestNG.java:1208)
at org.testng.TestNG.runSuites(TestNG.java:1112)
at org.testng.TestNG.run(TestNG.java:1079)
at org.testng.remote.AbstractRemoteTestNG.run(AbstractRemoteTestNG.java:115)
at org.testng.remote.RemoteTestNG.initAndRun(RemoteTestNG.java:293)
at org.testng.remote.RemoteTestNG.main(RemoteTestNG.java:91)
]]>
    </failure>
  </testcase> <!-- HamcrestJsonValidation -->
</testsuite> <!-- JsonSchemaValidation.HamcrestJsonValidator -->
