<?xml version="1.0" encoding="UTF-8"?>
<!-- Generated by org.testng.reporters.JUnitReportReporter -->
<testsuite hostname="BBLPT1102" failures="0" tests="2" name="Serialization.DeserializeRestAssured" time="1.133" errors="0" timestamp="2025-12-09T13:44:35 IST" skipped="0">
  <testcase classname="Serialization.DeserializeRestAssured" name="DeserializeRA" time="0.861"/>
  <testcase classname="Serialization.DeserializeRestAssured" name="tour" time="0.272"/>
</testsuite> <!-- Serialization.DeserializeRestAssured -->
