<?xml version="1.0" encoding="UTF-8"?>
<!-- Generated by org.testng.reporters.JUnitReportReporter -->
<testsuite hostname="BBLPT1102" failures="0" tests="5" name="requestspecification.RequestSpecification" time="1.322" errors="0" timestamp="2025-12-15T13:28:58 IST" skipped="4">
  <testcase classname="requestspecification.RequestSpecification" name="getAnEmployee" time="1.322"/>
  <testcase classname="requestspecification.RequestSpecification" name="GetAllEmployees">
    <skipped/>
  </testcase> <!-- GetAllEmployees -->
  <testcase classname="requestspecification.RequestSpecification" name="CreateEmployee">
    <skipped/>
  </testcase> <!-- CreateEmployee -->
  <testcase classname="requestspecification.RequestSpecification" name="UpdateEmployee">
    <skipped/>
  </testcase> <!-- UpdateEmployee -->
  <testcase classname="requestspecification.RequestSpecification" name="DeleteEmployee">
    <skipped/>
  </testcase> <!-- DeleteEmployee -->
</testsuite> <!-- requestspecification.RequestSpecification -->
