<?xml version="1.0" encoding="UTF-8"?>
<!-- Generated by org.testng.reporters.JUnitReportReporter -->
<testsuite hostname="BBLPT1102" failures="0" tests="5" name="requestspecification.RequestSpecifications" time="1.353" errors="0" timestamp="2025-12-15T14:09:07 IST" skipped="4">
  <testcase classname="requestspecification.RequestSpecifications" name="getAnEmployee" time="1.353"/>
  <testcase classname="requestspecification.RequestSpecifications" name="CreateEmployee">
    <skipped/>
  </testcase> <!-- CreateEmployee -->
  <testcase classname="requestspecification.RequestSpecifications" name="UpdateEmployee">
    <skipped/>
  </testcase> <!-- UpdateEmployee -->
  <testcase classname="requestspecification.RequestSpecifications" name="DeleteEmployee">
    <skipped/>
  </testcase> <!-- DeleteEmployee -->
  <testcase classname="requestspecification.RequestSpecifications" name="GetAllEmployees">
    <skipped/>
  </testcase> <!-- GetAllEmployees -->
</testsuite> <!-- requestspecification.RequestSpecifications -->
