<?xml version="1.0" encoding="UTF-8"?>
<!-- Generated by org.testng.reporters.JUnitReportReporter -->
<testsuite hostname="BBLPT1102" failures="0" tests="4" name="Predicates.filterPredicates" time="0.046" errors="0" timestamp="2025-12-03T18:11:37 IST" skipped="3">
  <testcase classname="Predicates.filterPredicates" name="notinOperator" time="0.046"/>
  <testcase classname="Predicates.filterPredicates" name="andFilter">
    <skipped/>
  </testcase> <!-- andFilter -->
  <testcase classname="Predicates.filterPredicates" name="notFilter">
    <skipped/>
  </testcase> <!-- notFilter -->
  <testcase classname="Predicates.filterPredicates" name="inOperator">
    <skipped/>
  </testcase> <!-- inOperator -->
</testsuite> <!-- Predicates.filterPredicates -->
