<?xml version="1.0" encoding="UTF-8"?>
<!-- Generated by org.testng.reporters.JUnitReportReporter -->
<testsuite hostname="BBLPT1102" failures="0" tests="2" name="Predicates.customFilters" time="0.063" errors="0" timestamp="2025-12-19T17:21:16 IST" skipped="1">
  <testcase classname="Predicates.customFilters" name="lamdafilter" time="0.063"/>
  <testcase classname="Predicates.customFilters" name="customfilter">
    <skipped/>
  </testcase> <!-- customfilter -->
</testsuite> <!-- Predicates.customFilters -->
