<?xml version="1.0" encoding="UTF-8"?>
<!-- Generated by org.testng.reporters.JUnitReportReporter -->
<testsuite hostname="BBLPT1102" failures="0" tests="4" name="jsonpath.JsonPathwithJava" time="0.044" errors="0" timestamp="2025-11-25T16:39:12 IST" skipped="3">
  <testcase classname="jsonpath.JsonPathwithJava" name="ordertime" time="0.044"/>
  <testcase classname="jsonpath.JsonPathwithJava" name="useraddress">
    <skipped/>
  </testcase> <!-- useraddress -->
  <testcase classname="jsonpath.JsonPathwithJava" name="items">
    <skipped/>
  </testcase> <!-- items -->
  <testcase classname="jsonpath.JsonPathwithJava" name="branches">
    <skipped/>
  </testcase> <!-- branches -->
</testsuite> <!-- jsonpath.JsonPathwithJava -->
