<?xml version="1.0" encoding="UTF-8"?>
<!-- Generated by org.testng.reporters.JUnitReportReporter -->
<testsuite hostname="BBLPT1102" failures="0" tests="2" name="SerializationDeserialization.AsTypeRef" time="1.569" errors="0" timestamp="2025-12-09T18:44:27 IST" skipped="0">
  <testcase classname="SerializationDeserialization.AsTypeRef" name="AsTypeRefList" time="1.544"/>
  <testcase classname="SerializationDeserialization.AsTypeRef" name="AsTypeRefMap" time="0.025"/>
</testsuite> <!-- SerializationDeserialization.AsTypeRef -->
