<?xml version="1.0" encoding="UTF-8"?>
<!-- Generated by org.testng.reporters.JUnitReportReporter -->
<testsuite hostname="BBLPT1102" failures="0" tests="4" name="Predicates.inlinePredicates" time="0.050" errors="0" timestamp="2025-12-03T13:00:14 IST" skipped="3">
  <testcase classname="Predicates.inlinePredicates" name="orOperator" time="0.050"/>
  <testcase classname="Predicates.inlinePredicates" name="notOperators">
    <skipped/>
  </testcase> <!-- notOperators -->
  <testcase classname="Predicates.inlinePredicates" name="andOperator">
    <skipped/>
  </testcase> <!-- andOperator -->
  <testcase classname="Predicates.inlinePredicates" name="notOperator">
    <skipped/>
  </testcase> <!-- notOperator -->
</testsuite> <!-- Predicates.inlinePredicates -->
