<?xml version="1.0" encoding="UTF-8"?>
<!-- Generated by org.testng.reporters.JUnitReportReporter -->
<testsuite hostname="BBLPT1102" failures="0" tests="2" name="ImportJsonFile.InputJsonFile" time="1.269" errors="0" timestamp="2025-11-20T14:41:36 IST" skipped="1">
  <testcase classname="ImportJsonFile.InputJsonFile" name="deleteanemployee" time="1.269"/>
  <testcase classname="ImportJsonFile.InputJsonFile" name="Inputjson">
    <skipped/>
  </testcase> <!-- Inputjson -->
</testsuite> <!-- ImportJsonFile.InputJsonFile -->
