<?xml version="1.0" encoding="UTF-8"?>
<!-- Generated by org.testng.reporters.JUnitReportReporter -->
<testsuite hostname="BBLPT1102" failures="0" tests="5" name="BDDStyleRequests.EmployeeRequests" time="1.203" errors="0" timestamp="2025-11-19T13:10:52 IST" skipped="4">
  <testcase classname="BDDStyleRequests.EmployeeRequests" name="DeleteEmployee" time="1.203"/>
  <testcase classname="BDDStyleRequests.EmployeeRequests" name="CreateEmployee">
    <skipped/>
  </testcase> <!-- CreateEmployee -->
  <testcase classname="BDDStyleRequests.EmployeeRequests" name="UpdateEmployee">
    <skipped/>
  </testcase> <!-- UpdateEmployee -->
  <testcase classname="BDDStyleRequests.EmployeeRequests" name="GetAllEmployees">
    <skipped/>
  </testcase> <!-- GetAllEmployees -->
  <testcase classname="BDDStyleRequests.EmployeeRequests" name="GetAnEmployee">
    <skipped/>
  </testcase> <!-- GetAnEmployee -->
</testsuite> <!-- BDDStyleRequests.EmployeeRequests -->
